<?xml version="1.0" encoding="UTF-8"?>
<!-- Generated by org.testng.reporters.JUnitXMLReporter -->
<testsuite hostname="Gyrus-236" name="Login" tests="2" failures="1" timestamp="27 Sep 2019 11:49:54 GMT" time="68.991" errors="0">
  <testcase name="Log_In" time="55.873" classname="Master.LogIn"/>
  <testcase name="Logout" time="11.15" classname="Master.Log_Out">
    <failure type="java.lang.AssertionError" message="expected [false] but found [true]">
      <![CDATA[java.lang.AssertionError: expected [false] but found [true]
	at Master.Log_Out.Logout(Log_Out.java:36)
... Removed 29 stack frames]]>
    </failure>
  </testcase> <!-- Logout -->
</testsuite> <!-- Login -->
