<?xml version="1.0" encoding="UTF-8"?>
<testng-results skipped="0" failed="1" total="2" passed="1">
  <reporter-output>
  </reporter-output>
  <suite name="Masters" duration-ms="68991" started-at="2019-09-27T11:48:45Z" finished-at="2019-09-27T11:49:54Z">
    <groups>
    </groups>
    <test name="Login" duration-ms="68991" started-at="2019-09-27T11:48:45Z" finished-at="2019-09-27T11:49:54Z">
      <class name="Master.LogIn">
        <test-method status="PASS" signature="checkExecutionModeTestSuite()[pri:0, instance:Master.LogIn@4c70fda8]" name="checkExecutionModeTestSuite" is-config="true" duration-ms="9409" started-at="2019-09-27T17:18:36Z" finished-at="2019-09-27T17:18:45Z">
          <reporter-output>
          </reporter-output>
        </test-method> <!-- checkExecutionModeTestSuite -->
        <test-method status="PASS" signature="CheckTestCaseExecution()[pri:0, instance:Master.LogIn@4c70fda8]" name="CheckTestCaseExecution" is-config="true" duration-ms="1" started-at="2019-09-27T17:18:45Z" finished-at="2019-09-27T17:18:45Z">
          <reporter-output>
          </reporter-output>
        </test-method> <!-- CheckTestCaseExecution -->
        <test-method status="PASS" signature="CheckTestCaseExecution()[pri:0, instance:Master.Log_Out@3532ec19]" name="CheckTestCaseExecution" is-config="true" duration-ms="0" started-at="2019-09-27T17:18:45Z" finished-at="2019-09-27T17:18:45Z">
          <reporter-output>
          </reporter-output>
        </test-method> <!-- CheckTestCaseExecution -->
        <test-method status="PASS" signature="Log_In(java.lang.String, java.lang.String)[pri:0, instance:Master.LogIn@4c70fda8]" name="Log_In" duration-ms="55873" started-at="2019-09-27T17:18:45Z" data-provider="getTestData" finished-at="2019-09-27T17:19:41Z">
          <params>
            <param index="0">
              <value>
                <![CDATA[Vipul]]>
              </value>
            </param>
            <param index="1">
              <value>
                <![CDATA[Vipul]]>
              </value>
            </param>
          </params>
          <reporter-output>
          </reporter-output>
        </test-method> <!-- Log_In -->
        <test-method status="PASS" signature="testIT(org.testng.ITestResult)[pri:0, instance:Master.LogIn@4c70fda8]" name="testIT" is-config="true" duration-ms="4" started-at="2019-09-27T17:19:41Z" finished-at="2019-09-27T17:19:41Z">
          <params>
            <param index="0">
              <value>
                <![CDATA[[TestResult name=Log_In status=SUCCESS method=LogIn.Log_In(java.lang.String, java.lang.String)[pri:0, instance:Master.LogIn@4c70fda8] output={null}]]]>
              </value>
            </param>
          </params>
          <reporter-output>
          </reporter-output>
        </test-method> <!-- testIT -->
      </class> <!-- Master.LogIn -->
      <class name="Master.Log_Out">
        <test-method status="FAIL" signature="Logout()[pri:0, instance:Master.Log_Out@3532ec19]" name="Logout" duration-ms="11150" started-at="2019-09-27T17:19:41Z" finished-at="2019-09-27T17:19:52Z">
          <exception class="java.lang.AssertionError">
            <message>
              <![CDATA[expected [false] but found [true]]]>
            </message>
            <full-stacktrace>
              <![CDATA[java.lang.AssertionError: expected [false] but found [true]
	at org.testng.Assert.fail(Assert.java:94)
	at org.testng.Assert.failNotEquals(Assert.java:494)
	at org.testng.Assert.assertEquals(Assert.java:123)
	at org.testng.Assert.assertEquals(Assert.java:286)
	at org.testng.Assert.assertEquals(Assert.java:296)
	at Master.Log_Out.Logout(Log_Out.java:36)
	at sun.reflect.NativeMethodAccessorImpl.invoke0(Native Method)
	at sun.reflect.NativeMethodAccessorImpl.invoke(Unknown Source)
	at sun.reflect.DelegatingMethodAccessorImpl.invoke(Unknown Source)
	at java.lang.reflect.Method.invoke(Unknown Source)
	at org.testng.internal.MethodInvocationHelper.invokeMethod(MethodInvocationHelper.java:84)
	at org.testng.internal.Invoker.invokeMethod(Invoker.java:714)
	at org.testng.internal.Invoker.invokeTestMethod(Invoker.java:901)
	at org.testng.internal.Invoker.invokeTestMethods(Invoker.java:1231)
	at org.testng.internal.TestMethodWorker.invokeTestMethods(TestMethodWorker.java:127)
	at org.testng.internal.TestMethodWorker.run(TestMethodWorker.java:111)
	at org.testng.TestRunner.privateRun(TestRunner.java:767)
	at org.testng.TestRunner.run(TestRunner.java:617)
	at org.testng.SuiteRunner.runTest(SuiteRunner.java:334)
	at org.testng.SuiteRunner.runSequentially(SuiteRunner.java:329)
	at org.testng.SuiteRunner.privateRun(SuiteRunner.java:291)
	at org.testng.SuiteRunner.run(SuiteRunner.java:240)
	at org.testng.SuiteRunnerWorker.runSuite(SuiteRunnerWorker.java:52)
	at org.testng.SuiteRunnerWorker.run(SuiteRunnerWorker.java:86)
	at org.testng.TestNG.runSuitesSequentially(TestNG.java:1224)
	at org.testng.TestNG.runSuitesLocally(TestNG.java:1149)
	at org.testng.TestNG.run(TestNG.java:1057)
	at org.testng.remote.AbstractRemoteTestNG.run(AbstractRemoteTestNG.java:115)
	at org.testng.remote.RemoteTestNG.initAndRun(RemoteTestNG.java:251)
	at org.testng.remote.RemoteTestNG.main(RemoteTestNG.java:77)
]]>
            </full-stacktrace>
          </exception> <!-- java.lang.AssertionError -->
          <reporter-output>
          </reporter-output>
        </test-method> <!-- Logout -->
        <test-method status="PASS" signature="testIT(org.testng.ITestResult)[pri:0, instance:Master.Log_Out@3532ec19]" name="testIT" is-config="true" duration-ms="1929" started-at="2019-09-27T17:19:52Z" finished-at="2019-09-27T17:19:54Z">
          <params>
            <param index="0">
              <value>
                <![CDATA[[TestResult name=Logout status=FAILURE method=Log_Out.Logout()[pri:0, instance:Master.Log_Out@3532ec19] output={null}]]]>
              </value>
            </param>
          </params>
          <reporter-output>
          </reporter-output>
        </test-method> <!-- testIT -->
      </class> <!-- Master.Log_Out -->
    </test> <!-- Login -->
  </suite> <!-- Masters -->
</testng-results>
